<?xml version="1.0" encoding="UTF-8"?>
<!-- Generated by org.testng.reporters.JUnitReportReporter -->
<testsuite skipped="0" hostname="LAPTOP-48NLNINU" name="testScripts.ValidateHome" tests="1" failures="0" timestamp="16 Jul 2020 10:02:05 GMT" time="13.901" errors="0">
  <testcase name="home" time="13.901" classname="testScripts.ValidateHome"/>
</testsuite> <!-- testScripts.ValidateHome -->
