<?xml version="1.0" encoding="UTF-8"?>
<!-- Generated by org.testng.reporters.JUnitReportReporter -->
<testsuite skipped="0" hostname="LAPTOP-48NLNINU" name="testScripts.ValidateRegister" tests="1" failures="0" timestamp="16 Jul 2020 10:02:05 GMT" time="35.099" errors="0">
  <testcase name="register" time="35.099" classname="testScripts.ValidateRegister"/>
</testsuite> <!-- testScripts.ValidateRegister -->
