<?xml version="1.0" encoding="UTF-8"?>
<!-- Generated by org.testng.reporters.JUnitReportReporter -->
<testsuite skipped="0" hostname="LAPTOP-48NLNINU" name="testRunner.TestRunner" tests="1" failures="0" timestamp="16 Jul 2020 10:12:30 GMT" time="77.611" errors="0">
  <testcase name="feature" time="77.611" classname="testRunner.TestRunner"/>
</testsuite> <!-- testRunner.TestRunner -->
